PLINK v1.90b7.2 64-bit (11 Dec 2023)
Options in effect:
  --bfile /spaces/jeantristan/Data/1000Geno/hg38/20220422_3202_phased_SNV_INDEL_SV/plink2/all_1000g_maf0.001
  --extract allsnp.snp
  --make-bed
  --out ../all.sample

Hostname: n38.core.wits.ac.za
Working directory: /home/jeantristan/Travail/git/kidneygenafrica_course_january_2026/day4_gwas/build_data
Start time: Sun Nov  9 22:07:01 2025

Random number seed: 1762718821
127970 MB RAM detected; reserving 63985 MB for main workspace.
35146377 variants loaded from .bim file.
3202 people (0 males, 0 females, 3202 ambiguous) loaded from .fam.
Ambiguous sex IDs written to ../all.sample.nosex .
--extract: 99839 variants remaining.
Warning: At least 161 duplicate IDs in --extract file.
Using 1 thread (no multithreaded calculations invoked).
Before main variant filters, 3202 founders and 0 nonfounders present.
Calculating allele frequencies... done.
Total genotyping rate is in [0.9999995, 1).
99839 variants and 3202 people pass filters and QC.
Note: No phenotypes present.
--make-bed to ../all.sample.bed + ../all.sample.bim + ../all.sample.fam ...
done.

End time: Sun Nov  9 22:07:23 2025
