*******************************************************************
* Genome-wide Complex Trait Analysis (GCTA)
* version v1.95.0 Linux
* Built at Jul 21 2025 17:30:18, by GCC 8.4
* (C) 2010-present, Yang Lab, Westlake University
* Please report bugs to Jian Yang <jian.yang@westlake.edu.cn>
*******************************************************************
Analysis started at 09:04:12 SAST on Mon Nov 10 2025.
Hostname: n02.core.wits.ac.za

Accepted options:
--bfile ../Data/afreur
--simu-qt
--simu-causal-loci causal.snplist
--simu-hsq 0.3
--simu-rep 3
--out afreuregfr.init


Reading PLINK FAM file from [../Data/afreur.fam].
1526 individuals to be included from [../Data/afreur.fam].
Reading PLINK BIM file from [../Data/afreur.bim].
49929 SNPs to be included from [../Data/afreur.bim].
Reading PLINK BED file from [../Data/afreur.bed] in SNP-major format ...
Genotype data for 1526 individuals and 49929 SNPs to be included from [../Data/afreur.bed].
Simulation parameters:
Number of simulation replicate(s) = 3 (Default = 1)
Heritability  = 0.3 (Default = 0.1)

Reading a list of SNPs (as causal variants) from [causal.snplist].
5 SNPs (as causal variants) to be included from [causal.snplist].
5 user-specified QTL effects.
Calculating allele frequencies ...
Recoding genotypes (individual major mode) ...
Simulated QTL effect(s) have been saved in [afreuregfr.init.par].
Simulating GWAS based on the real genotyped data with 3 replicate(s) ...
Simulated phenotypes of 1526 individuals have been saved in [afreuregfr.init.phen].

Analysis finished at 09:04:13 SAST on Mon Nov 10 2025
Overall computational time: 0.88 sec.
