PLINK v1.9.0-b.7.11 64-bit (19 Aug 2025)
Options in effect:
  --bfile ../2_Data_qc_genotype/afreur_qc_rel
  --keep ../3_Data_qc_admixture/afreur_pheno_qc.tsv
  --make-bed
  --out ../3_Data_qc_admixture/afreur_qc_rel_adm

Hostname: n41.core.wits.ac.za
Working directory: /home/jeantristan/Travail/git/kidneygenafrica_course_january_2026/day4_gwas/code_analyse
Start time: Wed Nov 12 13:55:06 2025

Random number seed: 1762948506
127967 MB RAM detected; reserving 63983 MB for main workspace.
37879 variants loaded from .bim file.
1208 people (0 males, 0 females, 1208 ambiguous) loaded from .fam.
Ambiguous sex IDs written to ../3_Data_qc_admixture/afreur_qc_rel_adm.nosex .
--keep: 1190 people remaining.
Using 1 thread (no multithreaded calculations invoked).
Before main variant filters, 1190 founders and 0 nonfounders present.
Calculating allele frequencies... done.
Total genotyping rate in remaining samples is exactly 1.
37879 variants and 1190 people pass filters and QC.
Note: No phenotypes present.
--make-bed to ../3_Data_qc_admixture/afreur_qc_rel_adm.bed +
../3_Data_qc_admixture/afreur_qc_rel_adm.bim +
../3_Data_qc_admixture/afreur_qc_rel_adm.fam ... done.

End time: Wed Nov 12 13:55:06 2025
